<?xml version="1.0" encoding="UTF-8"?>
<!-- Generated by org.testng.reporters.JUnitXMLReporter -->
<testsuite ignored="0" hostname="DESKTOP-5GN5U49" failures="0" tests="2" name="chromeTest3" time="12.744" errors="0" timestamp="2021-08-03T21:40:08 IST">
  <testcase classname="myDemoprojectMaven.test.ActitimetestM" name="@AfterMethod afterMethod" time="3.025">
    <failure type="org.openqa.selenium.NoSuchElementException" message="Cannot locate an element using xpath=//a[text()=&amp;apos;Logout&amp;apos;]
For documentation on this error, please visit: https://www.seleniumhq.org/exceptions/no_such_element.html
Build info: version: &amp;apos;3.141.59&amp;apos;, revision: &amp;apos;e82be7d358&amp;apos;, time: &amp;apos;2018-11-14T08:17:03&amp;apos;
System info: host: &amp;apos;DESKTOP-5GN5U49&amp;apos;, ip: &amp;apos;192.168.229.1&amp;apos;, os.name: &amp;apos;Windows 10&amp;apos;, os.arch: &amp;apos;amd64&amp;apos;, os.version: &amp;apos;10.0&amp;apos;, java.version: &amp;apos;15.0.2&amp;apos;
Driver info: driver.version: RemoteWebDriver">
      <![CDATA[org.openqa.selenium.NoSuchElementException: Cannot locate an element using xpath=//a[text()='Logout']
For documentation on this error, please visit: https://www.seleniumhq.org/exceptions/no_such_element.html
Build info: version: '3.141.59', revision: 'e82be7d358', time: '2018-11-14T08:17:03'
System info: host: 'DESKTOP-5GN5U49', ip: '192.168.229.1', os.name: 'Windows 10', os.arch: 'amd64', os.version: '10.0', java.version: '15.0.2'
Driver info: driver.version: RemoteWebDriver
at org.openqa.selenium.remote.RemoteWebDriver.findElement(RemoteWebDriver.java:327)
at org.openqa.selenium.remote.RemoteWebDriver.findElementByXPath(RemoteWebDriver.java:428)
at org.openqa.selenium.By$ByXPath.findElement(By.java:353)
at org.openqa.selenium.remote.RemoteWebDriver.findElement(RemoteWebDriver.java:315)
at org.openqa.selenium.support.pagefactory.DefaultElementLocator.findElement(DefaultElementLocator.java:69)
at org.openqa.selenium.support.pagefactory.internal.LocatingElementHandler.invoke(LocatingElementHandler.java:38)
at com.sun.proxy.$Proxy17.click(Unknown Source)
at myDemoprojectMaven.pom.ActitimehomepageM.logout(ActitimehomepageM.java:45)
at myDemoprojectMaven.test.ActitimetestM.afterMethod(ActitimetestM.java:92)
at java.base/java.util.ArrayList.forEach(ArrayList.java:1511)
... Removed 32 stack frames]]>
    </failure>
  </testcase> <!-- @AfterMethod afterMethod -->
  <testcase classname="myDemoprojectMaven.test.ActitimetestM" name="@BeforeMethod loginpagetoactitime" time="-1.628007008303E9">
    <skipped/>
  </testcase> <!-- @BeforeMethod loginpagetoactitime -->
  <testcase classname="myDemoprojectMaven.test.ActitimetestM" name="@AfterMethod afterMethod" time="-1.628007008308E9">
    <skipped/>
  </testcase> <!-- @AfterMethod afterMethod -->
  <testcase classname="myDemoprojectMaven.test.ActitimetestM" name="@AfterClass afterClass" time="-1.62800700831E9">
    <skipped/>
  </testcase> <!-- @AfterClass afterClass -->
  <testcase classname="myDemoprojectMaven.test.ActitimetestM" name="@AfterTest afterTest" time="-1.628007008311E9">
    <skipped/>
  </testcase> <!-- @AfterTest afterTest -->
  <testcase classname="myDemoprojectMaven.test.ActitimetestM" name="Test1" time="3.391"/>
  <testcase classname="myDemoprojectMaven.test.ActitimetestM" name="Test2" time="0.0">
    <skipped/>
  </testcase> <!-- Test2 -->
</testsuite> <!-- chromeTest3 -->
