<?xml version="1.0" encoding="UTF-8"?>
<!-- Generated by org.testng.reporters.JUnitXMLReporter -->
<testsuite ignored="0" hostname="DESKTOP-5GN5U49" failures="0" tests="3" name="chromeTest2" time="125.524" errors="0" timestamp="2021-08-03T21:39:55 IST">
  <testcase classname="myDemoprojectMaven.test.RediffTestM" name="@AfterMethod logout" time="112.685">
    <failure type="org.openqa.selenium.WebDriverException" message="unknown error: cannot determine loading status
from disconnected: received Inspector.detached event
  (Session info: chrome=92.0.4515.107)
Build info: version: &amp;apos;3.141.59&amp;apos;, revision: &amp;apos;e82be7d358&amp;apos;, time: &amp;apos;2018-11-14T08:17:03&amp;apos;
System info: host: &amp;apos;DESKTOP-5GN5U49&amp;apos;, ip: &amp;apos;192.168.229.1&amp;apos;, os.name: &amp;apos;Windows 10&amp;apos;, os.arch: &amp;apos;amd64&amp;apos;, os.version: &amp;apos;10.0&amp;apos;, java.version: &amp;apos;15.0.2&amp;apos;
Driver info: org.openqa.selenium.chrome.ChromeDriver
Capabilities {acceptInsecureCerts: false, browserName: chrome, browserVersion: 92.0.4515.107, chrome: {chromedriverVersion: 91.0.4472.101 (af52a90bf870..., userDataDir: C:\Users\Acer\AppData\Local...}, goog:chromeOptions: {debuggerAddress: localhost:52597}, javascriptEnabled: true, networkConnectionEnabled: false, pageLoadStrategy: normal, platform: WINDOWS, platformName: WINDOWS, proxy: Proxy(), setWindowRect: true, strictFileInteractability: false, timeouts: {implicit: 0, pageLoad: 300000, script: 30000}, unhandledPromptBehavior: dismiss and notify, webauthn:extension:largeBlob: true, webauthn:virtualAuthenticators: true}
Session ID: 434f7963ad5f2fb45edce66b77ab564e">
      <![CDATA[org.openqa.selenium.WebDriverException: unknown error: cannot determine loading status
from disconnected: received Inspector.detached event
  (Session info: chrome=92.0.4515.107)
Build info: version: '3.141.59', revision: 'e82be7d358', time: '2018-11-14T08:17:03'
System info: host: 'DESKTOP-5GN5U49', ip: '192.168.229.1', os.name: 'Windows 10', os.arch: 'amd64', os.version: '10.0', java.version: '15.0.2'
Driver info: org.openqa.selenium.chrome.ChromeDriver
Capabilities {acceptInsecureCerts: false, browserName: chrome, browserVersion: 92.0.4515.107, chrome: {chromedriverVersion: 91.0.4472.101 (af52a90bf870..., userDataDir: C:\Users\Acer\AppData\Local...}, goog:chromeOptions: {debuggerAddress: localhost:52597}, javascriptEnabled: true, networkConnectionEnabled: false, pageLoadStrategy: normal, platform: WINDOWS, platformName: WINDOWS, proxy: Proxy(), setWindowRect: true, strictFileInteractability: false, timeouts: {implicit: 0, pageLoad: 300000, script: 30000}, unhandledPromptBehavior: dismiss and notify, webauthn:extension:largeBlob: true, webauthn:virtualAuthenticators: true}
Session ID: 434f7963ad5f2fb45edce66b77ab564e
at org.openqa.selenium.remote.http.W3CHttpResponseCodec.createException(W3CHttpResponseCodec.java:187)
at org.openqa.selenium.remote.http.W3CHttpResponseCodec.decode(W3CHttpResponseCodec.java:122)
at org.openqa.selenium.remote.http.W3CHttpResponseCodec.decode(W3CHttpResponseCodec.java:49)
at org.openqa.selenium.remote.HttpCommandExecutor.execute(HttpCommandExecutor.java:158)
at org.openqa.selenium.remote.service.DriverCommandExecutor.execute(DriverCommandExecutor.java:83)
at org.openqa.selenium.remote.RemoteWebDriver.execute(RemoteWebDriver.java:552)
at org.openqa.selenium.remote.RemoteWebElement.execute(RemoteWebElement.java:285)
at org.openqa.selenium.remote.RemoteWebElement.click(RemoteWebElement.java:84)
at org.openqa.selenium.support.pagefactory.internal.LocatingElementHandler.invoke(LocatingElementHandler.java:51)
at com.sun.proxy.$Proxy17.click(Unknown Source)
at myDemoprojectMaven.pom.RedifflogoutpageM.logout(RedifflogoutpageM.java:20)
at myDemoprojectMaven.test.RediffTestM.logout(RediffTestM.java:123)
at java.base/java.util.ArrayList.forEach(ArrayList.java:1511)
... Removed 40 stack frames]]>
    </failure>
  </testcase> <!-- @AfterMethod logout -->
  <testcase classname="myDemoprojectMaven.test.RediffTestM" name="@BeforeMethod logintorediffmail" time="-1.628006995518E9">
    <skipped/>
  </testcase> <!-- @BeforeMethod logintorediffmail -->
  <testcase classname="myDemoprojectMaven.test.RediffTestM" name="@AfterMethod logout" time="-1.628006995525E9">
    <skipped/>
  </testcase> <!-- @AfterMethod logout -->
  <testcase classname="myDemoprojectMaven.test.RediffTestM" name="@BeforeMethod logintorediffmail" time="-1.628006995528E9">
    <skipped/>
  </testcase> <!-- @BeforeMethod logintorediffmail -->
  <testcase classname="myDemoprojectMaven.test.RediffTestM" name="@AfterMethod logout" time="-1.628006995536E9">
    <skipped/>
  </testcase> <!-- @AfterMethod logout -->
  <testcase classname="myDemoprojectMaven.test.RediffTestM" name="@AfterClass closedriver" time="-1.628006995538E9">
    <skipped/>
  </testcase> <!-- @AfterClass closedriver -->
  <testcase classname="myDemoprojectMaven.test.RediffTestM" name="@AfterTest closedBrowser" time="-1.62800699554E9">
    <skipped/>
  </testcase> <!-- @AfterTest closedBrowser -->
  <testcase classname="myDemoprojectMaven.test.RediffTestM" name="verifysenditemfunctionality" time="2.176"/>
  <testcase classname="myDemoprojectMaven.test.RediffTestM" name="verifywritemailfunctionality" time="0.0">
    <skipped/>
  </testcase> <!-- verifywritemailfunctionality -->
  <testcase classname="myDemoprojectMaven.test.RediffTestM" name="verifysendmailfunctionality" time="0.0">
    <skipped/>
  </testcase> <!-- verifysendmailfunctionality -->
</testsuite> <!-- chromeTest2 -->
