<?xml version="1.0" encoding="UTF-8"?>
<!-- Generated by org.testng.reporters.JUnitXMLReporter -->
<testsuite ignored="0" hostname="DESKTOP-5GN5U49" failures="0" tests="3" name="firefoxTest1" time="42.222" errors="0" timestamp="2021-08-03T21:06:22 IST">
  <testcase classname="myDemoprojectMaven.test.AmazonTestClassM" name="@AfterMethod logoutfunctionality" time="5.553">
    <failure type="org.openqa.selenium.WebDriverException" message="TypeError: rect is undefined
Build info: version: &amp;apos;4.0.0-beta-4&amp;apos;, revision: &amp;apos;29f46d02dd&amp;apos;
System info: host: &amp;apos;DESKTOP-5GN5U49&amp;apos;, ip: &amp;apos;192.168.229.1&amp;apos;, os.name: &amp;apos;Windows 10&amp;apos;, os.arch: &amp;apos;amd64&amp;apos;, os.version: &amp;apos;10.0&amp;apos;, java.version: &amp;apos;15.0.2&amp;apos;
Driver info: org.openqa.selenium.firefox.FirefoxDriver
Command: [44510c34-ff5f-4782-9e0a-06462b65f31a, actions {actions=[org.openqa.selenium.interactions.Sequence@1d408060]}]
Capabilities {acceptInsecureCerts: true, browserName: firefox, browserVersion: 90.0, javascriptEnabled: true, moz:accessibilityChecks: false, moz:buildID: 20210624190035, moz:debuggerAddress: localhost:57023, moz:geckodriverVersion: 0.29.1, moz:headless: false, moz:processID: 15508, moz:profile: C:\Users\Acer\AppData\Local..., moz:shutdownTimeout: 60000, moz:useNonSpecCompliantPointerOrigin: false, moz:webdriverClick: true, pageLoadStrategy: normal, platform: WINDOWS, platformName: WINDOWS, platformVersion: 10.0, proxy: Proxy(), se:cdp: ws://localhost:57023/devtoo..., se:cdpVersion: 85, setWindowRect: true, strictFileInteractability: false, timeouts: {implicit: 0, pageLoad: 300000, script: 30000}, unhandledPromptBehavior: dismiss and notify}
Session ID: 44510c34-ff5f-4782-9e0a-06462b65f31a">
      <![CDATA[org.openqa.selenium.WebDriverException: TypeError: rect is undefined
Build info: version: '4.0.0-beta-4', revision: '29f46d02dd'
System info: host: 'DESKTOP-5GN5U49', ip: '192.168.229.1', os.name: 'Windows 10', os.arch: 'amd64', os.version: '10.0', java.version: '15.0.2'
Driver info: org.openqa.selenium.firefox.FirefoxDriver
Command: [44510c34-ff5f-4782-9e0a-06462b65f31a, actions {actions=[org.openqa.selenium.interactions.Sequence@1d408060]}]
Capabilities {acceptInsecureCerts: true, browserName: firefox, browserVersion: 90.0, javascriptEnabled: true, moz:accessibilityChecks: false, moz:buildID: 20210624190035, moz:debuggerAddress: localhost:57023, moz:geckodriverVersion: 0.29.1, moz:headless: false, moz:processID: 15508, moz:profile: C:\Users\Acer\AppData\Local..., moz:shutdownTimeout: 60000, moz:useNonSpecCompliantPointerOrigin: false, moz:webdriverClick: true, pageLoadStrategy: normal, platform: WINDOWS, platformName: WINDOWS, platformVersion: 10.0, proxy: Proxy(), se:cdp: ws://localhost:57023/devtoo..., se:cdpVersion: 85, setWindowRect: true, strictFileInteractability: false, timeouts: {implicit: 0, pageLoad: 300000, script: 30000}, unhandledPromptBehavior: dismiss and notify}
Session ID: 44510c34-ff5f-4782-9e0a-06462b65f31a
at org.openqa.selenium.remote.codec.w3c.W3CHttpResponseCodec.createException(W3CHttpResponseCodec.java:200)
at org.openqa.selenium.remote.codec.w3c.W3CHttpResponseCodec.decode(W3CHttpResponseCodec.java:133)
at org.openqa.selenium.remote.codec.w3c.W3CHttpResponseCodec.decode(W3CHttpResponseCodec.java:53)
at org.openqa.selenium.remote.HttpCommandExecutor.execute(HttpCommandExecutor.java:184)
at org.openqa.selenium.remote.service.DriverCommandExecutor.invokeExecute(DriverCommandExecutor.java:162)
at org.openqa.selenium.remote.service.DriverCommandExecutor.execute(DriverCommandExecutor.java:137)
at org.openqa.selenium.remote.RemoteWebDriver.execute(RemoteWebDriver.java:612)
at org.openqa.selenium.remote.RemoteWebDriver.perform(RemoteWebDriver.java:680)
at org.openqa.selenium.interactions.Actions$BuiltAction.perform(Actions.java:617)
at myDemoprojectMaven.pom.logoutamazonM.logout(logoutamazonM.java:22)
at myDemoprojectMaven.test.AmazonTestClassM.logoutfunctionality(AmazonTestClassM.java:152)
at java.base/java.util.ArrayList.forEach(ArrayList.java:1511)
... Removed 37 stack frames]]>
    </failure>
  </testcase> <!-- @AfterMethod logoutfunctionality -->
  <testcase classname="myDemoprojectMaven.test.AmazonTestClassM" name="@BeforeMethod loginfunctionality" time="-1.628004982539E9">
    <skipped/>
  </testcase> <!-- @BeforeMethod loginfunctionality -->
  <testcase classname="myDemoprojectMaven.test.AmazonTestClassM" name="@AfterMethod logoutfunctionality" time="-1.628004982543E9">
    <skipped/>
  </testcase> <!-- @AfterMethod logoutfunctionality -->
  <testcase classname="myDemoprojectMaven.test.AmazonTestClassM" name="@BeforeMethod loginfunctionality" time="-1.628004982544E9">
    <skipped/>
  </testcase> <!-- @BeforeMethod loginfunctionality -->
  <testcase classname="myDemoprojectMaven.test.AmazonTestClassM" name="@AfterMethod logoutfunctionality" time="-1.628004982548E9">
    <skipped/>
  </testcase> <!-- @AfterMethod logoutfunctionality -->
  <testcase classname="myDemoprojectMaven.test.AmazonTestClassM" name="@AfterClass closedriver" time="-1.628004982549E9">
    <skipped/>
  </testcase> <!-- @AfterClass closedriver -->
  <testcase classname="myDemoprojectMaven.test.AmazonTestClassM" name="@AfterTest closedBrowser" time="-1.62800498255E9">
    <skipped/>
  </testcase> <!-- @AfterTest closedBrowser -->
  <testcase classname="myDemoprojectMaven.test.AmazonTestClassM" name="validatingsearchfunctionality" time="0.013"/>
  <testcase classname="myDemoprojectMaven.test.AmazonTestClassM" name="validatingaddtocartfunctionality" time="0.0">
    <skipped/>
  </testcase> <!-- validatingaddtocartfunctionality -->
  <testcase classname="myDemoprojectMaven.test.AmazonTestClassM" name="validatingbuyfunctionality" time="0.0">
    <skipped/>
  </testcase> <!-- validatingbuyfunctionality -->
</testsuite> <!-- firefoxTest1 -->
